Error: ENOENT: no such file or directory, stat '../photo.jpg'
    at Object.statSync (node:fs:1659:25)
    at CronJob.<anonymous> (/home/yuldoshev/Desktop/telegram-app/src/helpers/profileUpdater.js:23:50)
    at process.processTicksAndRejections (node:internal/process/task_queues:95:5)
Error: ENOENT: no such file or directory, stat './photo.jpg'
    at Object.statSync (node:fs:1659:25)
    at CronJob.<anonymous> (/home/yuldoshev/Desktop/telegram-app/src/helpers/profileUpdater.js:23:50)
    at process.processTicksAndRejections (node:internal/process/task_queues:95:5)
Error: ENOENT: no such file or directory, stat './photo.jpg'
    at Object.statSync (node:fs:1659:25)
    at CronJob.<anonymous> (/home/yuldoshev/Desktop/telegram-app/src/helpers/profileUpdater.js:26:50)
    at process.processTicksAndRejections (node:internal/process/task_queues:95:5)
Error: ENOENT: no such file or directory, stat './photo.jpg'
    at Object.statSync (node:fs:1659:25)
    at CronJob.<anonymous> (/home/yuldoshev/Desktop/telegram-app/src/helpers/profileUpdater.js:26:50)
    at process.processTicksAndRejections (node:internal/process/task_queues:95:5)
Error: Required object file of photos.UploadProfilePhoto is undefined
    at argToBytes (/home/yuldoshev/Desktop/telegram-app/node_modules/telegram/tl/api.js:111:23)
    at VirtualClass.getBytes (/home/yuldoshev/Desktop/telegram-app/node_modules/telegram/tl/api.js:415:42)
    at new RequestState (/home/yuldoshev/Desktop/telegram-app/node_modules/telegram/network/RequestState.js:13:29)
    at Object.invoke (/home/yuldoshev/Desktop/telegram-app/node_modules/telegram/client/users.js:34:19)
    at process.processTicksAndRejections (node:internal/process/task_queues:95:5)
    at async CronJob.<anonymous> (/home/yuldoshev/Desktop/telegram-app/src/helpers/profileUpdater.js:25:9)
Error: Required object file of photos.UploadProfilePhoto is undefined
    at argToBytes (/home/yuldoshev/Desktop/telegram-app/node_modules/telegram/tl/api.js:111:23)
    at VirtualClass.getBytes (/home/yuldoshev/Desktop/telegram-app/node_modules/telegram/tl/api.js:415:42)
    at new RequestState (/home/yuldoshev/Desktop/telegram-app/node_modules/telegram/network/RequestState.js:13:29)
    at Object.invoke (/home/yuldoshev/Desktop/telegram-app/node_modules/telegram/client/users.js:34:19)
    at process.processTicksAndRejections (node:internal/process/task_queues:95:5)
    at async CronJob.<anonymous> (/home/yuldoshev/Desktop/telegram-app/src/helpers/profileUpdater.js:25:9)
Error: Required object file of photos.UploadProfilePhoto is undefined
    at argToBytes (/home/yuldoshev/Desktop/telegram-app/node_modules/telegram/tl/api.js:111:23)
    at VirtualClass.getBytes (/home/yuldoshev/Desktop/telegram-app/node_modules/telegram/tl/api.js:415:42)
    at new RequestState (/home/yuldoshev/Desktop/telegram-app/node_modules/telegram/network/RequestState.js:13:29)
    at Object.invoke (/home/yuldoshev/Desktop/telegram-app/node_modules/telegram/client/users.js:34:19)
    at process.processTicksAndRejections (node:internal/process/task_queues:95:5)
    at async CronJob.<anonymous> (/home/yuldoshev/Desktop/telegram-app/src/helpers/profileUpdater.js:25:9)
Error: Required object file of photos.UploadProfilePhoto is undefined
    at argToBytes (/home/yuldoshev/Desktop/telegram-app/node_modules/telegram/tl/api.js:111:23)
    at VirtualClass.getBytes (/home/yuldoshev/Desktop/telegram-app/node_modules/telegram/tl/api.js:415:42)
    at new RequestState (/home/yuldoshev/Desktop/telegram-app/node_modules/telegram/network/RequestState.js:13:29)
    at Object.invoke (/home/yuldoshev/Desktop/telegram-app/node_modules/telegram/client/users.js:34:19)
    at process.processTicksAndRejections (node:internal/process/task_queues:95:5)
    at async CronJob.<anonymous> (/home/yuldoshev/Desktop/telegram-app/src/helpers/profileUpdater.js:25:9)
Error: ENOENT: no such file or directory, stat '/home/yuldoshev/Desktop/telegram-app/photo.jpg'
    at Object.statSync (node:fs:1659:25)
    at uploadProfilePhoto (/home/yuldoshev/Desktop/telegram-app/src/helpers/photoUploader.js:17:24)
    at CronJob.<anonymous> (/home/yuldoshev/Desktop/telegram-app/src/helpers/profileUpdater.js:21:15)
    at process.processTicksAndRejections (node:internal/process/task_queues:95:5)
Error: Cannot send requests while disconnected. You need to call .connect()
    at Object.invoke (/home/yuldoshev/Desktop/telegram-app/node_modules/telegram/client/users.js:29:15)
    at TelegramClient.invoke (/home/yuldoshev/Desktop/telegram-app/node_modules/telegram/client/TelegramClient.js:922:28)
    at uploadProfilePhoto (/home/yuldoshev/Desktop/telegram-app/src/utils/photoUpdater.js:10:35)
    at Object.<anonymous> (/home/yuldoshev/Desktop/telegram-app/src/utils/photoUpdater.js:42:13)
    at Module._compile (node:internal/modules/cjs/loader:1369:14)
    at Module._extensions..js (node:internal/modules/cjs/loader:1427:10)
    at Module.load (node:internal/modules/cjs/loader:1206:32)
    at Module._load (node:internal/modules/cjs/loader:1022:12)
    at Function.executeUserEntryPoint [as runMain] (node:internal/modules/run_main:135:12)
    at node:internal/main/run_main_module:28:49
Error: Cannot send requests while disconnected. You need to call .connect()
    at Object.invoke (/home/yuldoshev/Desktop/telegram-app/node_modules/telegram/client/users.js:29:15)
    at TelegramClient.invoke (/home/yuldoshev/Desktop/telegram-app/node_modules/telegram/client/TelegramClient.js:922:28)
    at uploadProfilePhoto (/home/yuldoshev/Desktop/telegram-app/src/utils/photoUpdater.js:10:35)
    at Object.<anonymous> (/home/yuldoshev/Desktop/telegram-app/src/utils/photoUpdater.js:42:13)
    at Module._compile (node:internal/modules/cjs/loader:1369:14)
    at Module._extensions..js (node:internal/modules/cjs/loader:1427:10)
    at Module.load (node:internal/modules/cjs/loader:1206:32)
    at Module._load (node:internal/modules/cjs/loader:1022:12)
    at Module.require (node:internal/modules/cjs/loader:1231:19)
    at require (node:internal/modules/helpers:179:18)
Error: Cannot send requests while disconnected. You need to call .connect()
    at Object.invoke (/home/yuldoshev/Desktop/telegram-app/node_modules/telegram/client/users.js:29:15)
    at TelegramClient.invoke (/home/yuldoshev/Desktop/telegram-app/node_modules/telegram/client/TelegramClient.js:922:28)
    at uploadProfilePhoto (/home/yuldoshev/Desktop/telegram-app/src/utils/photoUpdater.js:10:35)
    at Object.<anonymous> (/home/yuldoshev/Desktop/telegram-app/src/utils/photoUpdater.js:42:13)
    at Module._compile (node:internal/modules/cjs/loader:1369:14)
    at Module._extensions..js (node:internal/modules/cjs/loader:1427:10)
    at Module.load (node:internal/modules/cjs/loader:1206:32)
    at Module._load (node:internal/modules/cjs/loader:1022:12)
    at Module.require (node:internal/modules/cjs/loader:1231:19)
    at require (node:internal/modules/helpers:179:18)
Error: Cannot send requests while disconnected. You need to call .connect()
    at Object.invoke (/home/yuldoshev/Desktop/telegram-app/node_modules/telegram/client/users.js:29:15)
    at TelegramClient.invoke (/home/yuldoshev/Desktop/telegram-app/node_modules/telegram/client/TelegramClient.js:922:28)
    at uploadProfilePhoto (/home/yuldoshev/Desktop/telegram-app/src/utils/photoUpdater.js:10:35)
    at Object.<anonymous> (/home/yuldoshev/Desktop/telegram-app/src/utils/photoUpdater.js:44:13)
    at Module._compile (node:internal/modules/cjs/loader:1369:14)
    at Module._extensions..js (node:internal/modules/cjs/loader:1427:10)
    at Module.load (node:internal/modules/cjs/loader:1206:32)
    at Module._load (node:internal/modules/cjs/loader:1022:12)
    at Module.require (node:internal/modules/cjs/loader:1231:19)
    at require (node:internal/modules/helpers:179:18)
Error: Cannot send requests while disconnected. You need to call .connect()
    at Object.invoke (/home/yuldoshev/Desktop/telegram-app/node_modules/telegram/client/users.js:29:15)
    at TelegramClient.invoke (/home/yuldoshev/Desktop/telegram-app/node_modules/telegram/client/TelegramClient.js:922:28)
    at uploadProfilePhoto (/home/yuldoshev/Desktop/telegram-app/src/utils/photoUpdater.js:10:35)
    at Object.<anonymous> (/home/yuldoshev/Desktop/telegram-app/src/utils/photoUpdater.js:41:13)
    at Module._compile (node:internal/modules/cjs/loader:1369:14)
    at Module._extensions..js (node:internal/modules/cjs/loader:1427:10)
    at Module.load (node:internal/modules/cjs/loader:1206:32)
    at Module._load (node:internal/modules/cjs/loader:1022:12)
    at Module.require (node:internal/modules/cjs/loader:1231:19)
    at require (node:internal/modules/helpers:179:18)
Error: Cannot send requests while disconnected. You need to call .connect()
    at Object.invoke (/home/yuldoshev/Desktop/telegram-app/node_modules/telegram/client/users.js:29:15)
    at TelegramClient.invoke (/home/yuldoshev/Desktop/telegram-app/node_modules/telegram/client/TelegramClient.js:922:28)
    at uploadProfilePhoto (/home/yuldoshev/Desktop/telegram-app/src/utils/photoUpdater.js:10:35)
    at Object.<anonymous> (/home/yuldoshev/Desktop/telegram-app/src/utils/photoUpdater.js:41:13)
    at Module._compile (node:internal/modules/cjs/loader:1369:14)
    at Module._extensions..js (node:internal/modules/cjs/loader:1427:10)
    at Module.load (node:internal/modules/cjs/loader:1206:32)
    at Module._load (node:internal/modules/cjs/loader:1022:12)
    at Module.require (node:internal/modules/cjs/loader:1231:19)
    at require (node:internal/modules/helpers:179:18)
Error: Cannot send requests while disconnected. You need to call .connect()
    at Object.invoke (/home/yuldoshev/Desktop/telegram-app/node_modules/telegram/client/users.js:29:15)
    at TelegramClient.invoke (/home/yuldoshev/Desktop/telegram-app/node_modules/telegram/client/TelegramClient.js:922:28)
    at uploadProfilePhoto (/home/yuldoshev/Desktop/telegram-app/src/utils/photoUpdater.js:10:35)
    at Object.<anonymous> (/home/yuldoshev/Desktop/telegram-app/src/utils/photoUpdater.js:41:13)
    at Module._compile (node:internal/modules/cjs/loader:1369:14)
    at Module._extensions..js (node:internal/modules/cjs/loader:1427:10)
    at Module.load (node:internal/modules/cjs/loader:1206:32)
    at Module._load (node:internal/modules/cjs/loader:1022:12)
    at Module.require (node:internal/modules/cjs/loader:1231:19)
    at require (node:internal/modules/helpers:179:18)
Error: Cannot cast undefined to any kind of undefined
    at _raiseCastFail (/home/yuldoshev/Desktop/telegram-app/node_modules/telegram/Utils.js:84:11)
    at Object.getPeer (/home/yuldoshev/Desktop/telegram-app/node_modules/telegram/Utils.js:927:9)
    at Object.getInputEntity (/home/yuldoshev/Desktop/telegram-app/node_modules/telegram/client/users.js:279:22)
    at TelegramClient.getInputEntity (/home/yuldoshev/Desktop/telegram-app/node_modules/telegram/client/TelegramClient.js:1005:28)
    at getInputFromResolve (/home/yuldoshev/Desktop/telegram-app/node_modules/telegram/tl/api.js:123:52)
    at VirtualClass.resolve (/home/yuldoshev/Desktop/telegram-app/node_modules/telegram/tl/api.js:478:47)
    at Object.invoke (/home/yuldoshev/Desktop/telegram-app/node_modules/telegram/client/users.js:32:19)
    at process.processTicksAndRejections (node:internal/process/task_queues:95:5)
    at async uploadProfilePhoto (/home/yuldoshev/Desktop/telegram-app/src/utils/photoUpdater.js:10:22)
    at async CronJob.<anonymous> (/home/yuldoshev/Desktop/telegram-app/src/utils/profileUpdater.js:23:31)
Error: Cannot send requests while disconnected. You need to call .connect()
    at Object.invoke (/home/yuldoshev/Desktop/telegram-app/node_modules/telegram/client/users.js:29:15)
    at TelegramClient.invoke (/home/yuldoshev/Desktop/telegram-app/node_modules/telegram/client/TelegramClient.js:922:28)
    at uploadProfilePhoto (/home/yuldoshev/Desktop/telegram-app/src/utils/photoUpdater.js:10:35)
    at Object.<anonymous> (/home/yuldoshev/Desktop/telegram-app/src/utils/photoUpdater.js:41:13)
    at Module._compile (node:internal/modules/cjs/loader:1369:14)
    at Module._extensions..js (node:internal/modules/cjs/loader:1427:10)
    at Module.load (node:internal/modules/cjs/loader:1206:32)
    at Module._load (node:internal/modules/cjs/loader:1022:12)
    at Module.require (node:internal/modules/cjs/loader:1231:19)
    at require (node:internal/modules/helpers:179:18)
Error: Cannot send requests while disconnected. You need to call .connect()
    at Object.invoke (/home/yuldoshev/Desktop/telegram-app/node_modules/telegram/client/users.js:29:15)
    at TelegramClient.invoke (/home/yuldoshev/Desktop/telegram-app/node_modules/telegram/client/TelegramClient.js:922:28)
    at uploadProfilePhoto (/home/yuldoshev/Desktop/telegram-app/src/utils/photoUpdater.js:10:35)
    at Object.<anonymous> (/home/yuldoshev/Desktop/telegram-app/src/utils/photoUpdater.js:39:13)
    at Module._compile (node:internal/modules/cjs/loader:1369:14)
    at Module._extensions..js (node:internal/modules/cjs/loader:1427:10)
    at Module.load (node:internal/modules/cjs/loader:1206:32)
    at Module._load (node:internal/modules/cjs/loader:1022:12)
    at Module.require (node:internal/modules/cjs/loader:1231:19)
    at require (node:internal/modules/helpers:179:18)
Error: Cannot send requests while disconnected. You need to call .connect()
    at Object.invoke (/home/yuldoshev/Desktop/telegram-app/node_modules/telegram/client/users.js:29:15)
    at TelegramClient.invoke (/home/yuldoshev/Desktop/telegram-app/node_modules/telegram/client/TelegramClient.js:922:28)
    at uploadProfilePhoto (/home/yuldoshev/Desktop/telegram-app/src/utils/photoUpdater.js:10:35)
    at Object.<anonymous> (/home/yuldoshev/Desktop/telegram-app/src/utils/photoUpdater.js:40:13)
    at Module._compile (node:internal/modules/cjs/loader:1369:14)
    at Module._extensions..js (node:internal/modules/cjs/loader:1427:10)
    at Module.load (node:internal/modules/cjs/loader:1206:32)
    at Module._load (node:internal/modules/cjs/loader:1022:12)
    at Module.require (node:internal/modules/cjs/loader:1231:19)
    at require (node:internal/modules/helpers:179:18)
Error: Cannot send requests while disconnected. You need to call .connect()
    at Object.invoke (/home/yuldoshev/Desktop/telegram-app/node_modules/telegram/client/users.js:29:15)
    at TelegramClient.invoke (/home/yuldoshev/Desktop/telegram-app/node_modules/telegram/client/TelegramClient.js:922:28)
    at uploadProfilePhoto (/home/yuldoshev/Desktop/telegram-app/src/utils/photoUpdater.js:10:35)
    at Object.<anonymous> (/home/yuldoshev/Desktop/telegram-app/src/utils/photoUpdater.js:42:13)
    at Module._compile (node:internal/modules/cjs/loader:1369:14)
    at Module._extensions..js (node:internal/modules/cjs/loader:1427:10)
    at Module.load (node:internal/modules/cjs/loader:1206:32)
    at Module._load (node:internal/modules/cjs/loader:1022:12)
    at Module.require (node:internal/modules/cjs/loader:1231:19)
    at require (node:internal/modules/helpers:179:18)
Error: Cannot send requests while disconnected. You need to call .connect()
    at Object.invoke (/home/yuldoshev/Desktop/telegram-app/node_modules/telegram/client/users.js:29:15)
    at TelegramClient.invoke (/home/yuldoshev/Desktop/telegram-app/node_modules/telegram/client/TelegramClient.js:922:28)
    at uploadProfilePhoto (/home/yuldoshev/Desktop/telegram-app/src/utils/photoUpdater.js:10:35)
    at Object.<anonymous> (/home/yuldoshev/Desktop/telegram-app/src/utils/photoUpdater.js:38:13)
    at Module._compile (node:internal/modules/cjs/loader:1369:14)
    at Module._extensions..js (node:internal/modules/cjs/loader:1427:10)
    at Module.load (node:internal/modules/cjs/loader:1206:32)
    at Module._load (node:internal/modules/cjs/loader:1022:12)
    at Module.require (node:internal/modules/cjs/loader:1231:19)
    at require (node:internal/modules/helpers:179:18)
Error: Cannot send requests while disconnected. You need to call .connect()
    at Object.invoke (/home/yuldoshev/Desktop/telegram-app/node_modules/telegram/client/users.js:29:15)
    at TelegramClient.invoke (/home/yuldoshev/Desktop/telegram-app/node_modules/telegram/client/TelegramClient.js:922:28)
    at uploadProfilePhoto (/home/yuldoshev/Desktop/telegram-app/src/utils/photoUpdater.js:10:35)
    at Object.<anonymous> (/home/yuldoshev/Desktop/telegram-app/src/utils/photoUpdater.js:38:13)
    at Module._compile (node:internal/modules/cjs/loader:1369:14)
    at Module._extensions..js (node:internal/modules/cjs/loader:1427:10)
    at Module.load (node:internal/modules/cjs/loader:1206:32)
    at Module._load (node:internal/modules/cjs/loader:1022:12)
    at Module.require (node:internal/modules/cjs/loader:1231:19)
    at require (node:internal/modules/helpers:179:18)
TypeError: uploadProfilePhoto is not a function
    at CronJob.<anonymous> (/home/yuldoshev/Desktop/telegram-app/src/utils/profileUpdater.js:23:37)
    at process.processTicksAndRejections (node:internal/process/task_queues:95:5)
TypeError: uploadProfilePhoto is not a function
    at CronJob.<anonymous> (/home/yuldoshev/Desktop/telegram-app/src/utils/profileUpdater.js:23:37)
    at process.processTicksAndRejections (node:internal/process/task_queues:95:5)
